[18456:304:0505/082408.814:WARNING:chrome_main_delegate.cc(594)] This is Chrome version 112.0.5615.138 (not a warning)
[18456:304:0505/082408.831:WARNING:chrome_command_line_pref_store.cc(120)] Additional command-line proxy switches specified when --no-proxy-server was also specified.
[18456:304:0505/082408.831:WARNING:chrome_command_line_pref_store.cc(120)] Additional command-line proxy switches specified when --no-proxy-server was also specified.
[18456:304:0505/082408.925:INFO:chrome_browser_cloud_management_controller.cc(167)] Starting CBCM Controller Initialization
[18456:304:0505/082408.925:INFO:chrome_browser_cloud_management_controller.cc(195)] No machine level policy manager exists.
[18456:304:0505/082408.934:WARNING:chrome_command_line_pref_store.cc(120)] Additional command-line proxy switches specified when --no-proxy-server was also specified.
[18456:304:0505/082411.152:ERROR:device_event_log_impl.cc(222)] [08:24:11.153] USB: usb_device_handle_win.cc:1046 Failed to read descriptor from node connection: A device attached to the system is not functioning. (0x1F)
[18456:304:0505/082411.152:ERROR:device_event_log_impl.cc(222)] [08:24:11.154] USB: usb_device_handle_win.cc:1046 Failed to read descriptor from node connection: A device attached to the system is not functioning. (0x1F)
[18456:304:0505/082422.158:WARNING:controller_impl.cc(1191)] Background download complete, client: 6, completion type: 0, file size:265059
[18456:304:0505/082422.843:WARNING:controller_impl.cc(1191)] Background download complete, client: 6, completion type: 0, file size:5086
[18456:304:0505/082423.262:WARNING:controller_impl.cc(1191)] Background download complete, client: 6, completion type: 0, file size:9419
[18456:304:0505/082423.665:WARNING:controller_impl.cc(1191)] Background download complete, client: 6, completion type: 0, file size:45101
[18456:304:0505/082425.624:WARNING:controller_impl.cc(1191)] Background download complete, client: 6, completion type: 0, file size:34442193
[18456:304:0505/082532.830:INFO:CONSOLE(1)] "ComponentProfiler: Component-level profiling has not been enabled because "componentProfiler.instrumentation.ltng" gate is not open.", source: https://provar-bf-dev-ed.develop.lightning.force.com/components/instrumentation/componentProfiler.js (1)
[18456:304:0505/082533.329:INFO:CONSOLE(4)] "empApi setting initialized true for : undefined", source: https://provar-bf-dev-ed.develop.lightning.force.com/components/force/empApi.js (4)
[18456:304:0505/082534.820:INFO:CONSOLE(40)] "[object Object]", source: https://provar-bf-dev-ed.develop.lightning.force.com/libraries/instrumentation/beaconLib.BeaconLibrary.js (40)
[18456:304:0505/082534.949:INFO:CONSOLE(13)] "An iframe which has both allow-scripts and allow-same-origin for its sandbox attribute can remove its sandboxing.", source: https://static.lightning.force.com/ap16/auraFW/javascript/2kszAdlijI-L2tQGa5JU9w/aura_prod.js (13)
[18456:304:0505/082537.794:INFO:CONSOLE(1)] "ComponentProfiler: Component-level profiling has not been enabled because "componentProfiler.instrumentation.ltng" gate is not open.", source: https://provar-bf-dev-ed.develop.lightning.force.com/components/instrumentation/componentProfiler.js (1)
[18456:304:0505/082538.307:INFO:CONSOLE(4)] "empApi setting initialized true for : undefined", source: https://provar-bf-dev-ed.develop.lightning.force.com/components/force/empApi.js (4)
[18456:304:0505/082539.311:INFO:CONSOLE(13)] "An iframe which has both allow-scripts and allow-same-origin for its sandbox attribute can remove its sandboxing.", source: https://static.lightning.force.com/ap16/auraFW/javascript/2kszAdlijI-L2tQGa5JU9w/aura_prod.js (13)
[18456:304:0505/082539.798:INFO:CONSOLE(40)] "[object Object]", source: https://provar-bf-dev-ed.develop.lightning.force.com/libraries/instrumentation/beaconLib.BeaconLibrary.js (40)
[18456:304:0505/082545.637:INFO:CONSOLE(1506)] "[object HTMLAnchorElement]", source:  (1506)
[18456:304:0505/082547.787:INFO:CONSOLE(40)] "[object Object]", source: https://provar-bf-dev-ed.develop.lightning.force.com/libraries/instrumentation/beaconLib.BeaconLibrary.js (40)
[18456:304:0505/082549.026:INFO:CONSOLE(1506)] "[object HTMLDivElement]", source:  (1506)
[18456:304:0505/082549.263:INFO:CONSOLE(1506)] "[object HTMLDivElement]", source:  (1506)
[18456:304:0505/082549.420:INFO:CONSOLE(1506)] "[object HTMLDivElement]", source:  (1506)
[18456:304:0505/082549.704:INFO:CONSOLE(1506)] "[object HTMLDivElement]", source:  (1506)
[18456:304:0505/082551.031:INFO:CONSOLE(1506)] "[object HTMLDivElement]", source:  (1506)
[18456:304:0505/082551.254:INFO:CONSOLE(1506)] "[object HTMLElement]", source:  (1506)
[18456:304:0505/082552.872:INFO:CONSOLE(1506)] "[object HTMLDivElement]", source:  (1506)
[18456:304:0505/082553.013:INFO:CONSOLE(1506)] "[object HTMLDivElement]", source:  (1506)
[18456:304:0505/082553.162:INFO:CONSOLE(1506)] "[object HTMLDivElement]", source:  (1506)
[18456:304:0505/082553.426:INFO:CONSOLE(1506)] "[object HTMLDivElement]", source:  (1506)
[18456:304:0505/082555.963:INFO:CONSOLE(1506)] "[object HTMLDivElement]", source:  (1506)
[18456:304:0505/082556.168:INFO:CONSOLE(1506)] "[object HTMLDivElement]", source:  (1506)
[18456:304:0505/082556.323:INFO:CONSOLE(1506)] "[object HTMLDivElement]", source:  (1506)
[18456:304:0505/082556.560:INFO:CONSOLE(1506)] "[object HTMLDivElement]", source:  (1506)
[18456:304:0505/082559.005:INFO:CONSOLE(1506)] "[object HTMLDivElement]", source:  (1506)
[18456:304:0505/082559.196:INFO:CONSOLE(1506)] "[object HTMLDivElement]", source:  (1506)
[18456:304:0505/082559.299:INFO:CONSOLE(1506)] "[object HTMLDivElement]", source:  (1506)
[18456:304:0505/082559.525:INFO:CONSOLE(1506)] "[object HTMLDivElement]", source:  (1506)
[18456:304:0505/082614.112:WARNING:pref_notifier_impl.cc(41)] Pref observer for media_router.cast_allow_all_ips found at shutdown.
